173
109
154
98
186
244
207
148
148
188
107
140
206
146
220
79
168
251
118
210
186
123
159
125
246
159
200
124
167
218
182
33
170
130
218
180
150
168
169
183
146
148
149
175
157
160
123
166
189
165
148
146
188
157
204
146
158
142
92
187
173
192
168
153
145
94
177
136
208
181
142
154
187
181
208
141
116
152
208
207
147
206
157
146
183
175
132
129
80
195
196
159
185
249
179
147
175
205
143
167
35
152
174
109
212
194
206
134
135
172
90
170
148
147
191
147
180
170
94
166
198
168
169
157
188
139
203
146
143
154
117
137
116
199
198
139
132
163
184
123
160
157
202
141
129
189
166
188
39
218
128
224
286
227
209
178
172
161
192
208
175
143
205
141
145
156
167
159
142
209
190
166
192
193
181
137
183
154
147
215
162
140
199
80
155
164
132
176
197
110
155
190
208
168
155
143
152
170
79
131
115
200
111
181
146
162
206
144
189
176
110
142
125
196
178
142
164
162
111
229
100
141
182
123
108
166
195
80
139
207
170
109
153
184
169
137
226
183
145
154
271
162
125
187
152
150
200
116
117
157
191
166
144
178
119
262
246
154
188
116
165
177
131
177
208
137
165
184
150
187
120
89
206
130
167
149
168
188
173
156
188
186
107
195
164
108
153
18
245
161
129
178
162
176
181
176
82
174
174
88
97
146
122
159
173
99
168
186
177
188
189
178
148
184
162
205
172
212
136
194
185
105
208
121
188
173
164
156
177
197
217
166
192
152
174
106
188
183
159
175
129
191
179
164
181
96
203
181
146
113
205
144
220
210
179
74
128
195
146
162
136
148
160
207
137
142
143
150
161
89
182
215
125
70
135
167
111
115
109
178
169
187
136
152
179
167
188
158
172
133
42
134
159
189
164
211
173
144
178
142
151
205
134
152
119
180
173
147
183
200
138
148
131
132
148
130
184
187
231
127
218
153
104
169
103
171
167
70
183
159
139
107
161
159
196
114
192
135
182
173
143
192
190
123
144
169
153
168
34
201
82
177
144
128
180
137
147
143
184
212
152
181
192
191
101
210
80
140
133
137
168
134
179
216
180
108
117
161
168
136
84
172
51
122
116
209
194
161
84
210
205
133
61
165
157
281
170
199
114
