10 4 40 26 1 24 6 41 5 28 13 14 9 42 37 12 20 29 2 11 8 15 39 21 18 30 25 38 19 33 36 35 16 32 23 3 7 27 34 22 17 31 
8 1 3 7 5 6 4 2 
20 12 3 5 16 15 11 9 8 22 1 21 14 7 2 10 19 4 17 18 13 6 
8 3 9 14 1 11 7 2 5 10 13 4 6 12 
29 24 11 22 18 7 23 31 12 16 14 26 10 1 6 28 13 20 25 21 9 4 3 8 33 30 2 15 17 19 34 32 27 5 
34 20 15 6 8 28 32 36 37 12 27 2 4 33 30 22 35 38 24 26 29 5 1 3 9 18 31 10 19 16 23 7 17 13 21 25 14 11 
11 8 2 14 9 13 7 6 16 5 10 15 12 1 4 3 
10 12 2 8 11 16 17 3 14 13 18 5 4 6 7 15 1 9 
13 15 5 8 20 14 11 3 22 6 25 26 2 16 24 4 7 23 21 28 12 17 1 10 27 18 9 19 
28 25 13 31 22 5 17 9 2 19 24 40 21 38 36 12 6 4 32 18 30 33 23 26 37 39 7 41 3 27 42 20 10 11 34 1 29 35 8 16 14 15 
2 4 1 3 
29 30 11 27 17 5 13 14 28 6 20 19 18 16 10 9 22 7 3 25 24 1 15 4 2 12 23 26 8 21 
1 20 15 17 10 14 23 9 3 18 19 22 6 28 26 11 24 4 5 21 13 16 7 8 2 12 25 27 
9 4 19 14 20 6 3 2 13 16 12 7 10 15 8 18 17 1 5 11 
10 14 13 18 11 12 15 16 7 2 5 6 1 4 9 3 20 8 19 17 
5 7 4 10 9 2 6 8 1 3 
8 1 6 10 3 9 4 5 7 12 2 11 
4 20 12 1 3 10 5 9 16 7 8 2 15 18 19 6 22 17 21 13 14 11 
16 23 1 4 2 13 24 19 5 15 21 22 14 3 25 26 12 7 18 8 6 9 11 10 20 17 
5 4 31 7 34 11 33 2 21 15 18 27 26 17 24 3 22 8 14 16 9 28 30 25 20 1 6 10 12 23 13 29 32 19 
21 4 22 15 5 6 11 13 14 23 20 7 17 1 16 18 9 8 19 3 2 10 24 12 
1 8 10 5 20 3 17 9 21 14 7 2 16 6 13 15 12 19 18 22 11 4 
2 15 1 13 16 19 7 5 10 11 21 9 14 4 6 22 8 3 12 20 18 17 
18 20 6 11 17 28 15 12 25 29 8 31 1 3 30 4 26 23 19 21 7 32 2 27 9 5 22 14 16 24 13 10 
14 1 8 5 7 3 13 2 6 11 4 18 16 17 15 12 9 10 
12 41 29 39 27 30 40 6 38 18 26 22 20 42 23 43 32 31 17 33 11 8 13 4 3 37 7 24 34 45 48 1 47 46 14 28 9 21 36 19 25 16 2 5 35 10 44 15 
16 6 14 15 7 8 1 3 9 13 10 12 5 2 4 11 
5 4 3 1 2 6 
26 19 23 27 7 29 8 15 3 4 2 5 24 17 13 30 21 25 10 12 20 1 18 9 16 22 6 11 14 28 
12 8 10 19 5 24 21 20 9 28 22 27 17 23 3 30 18 11 25 7 1 4 16 26 13 15 14 29 6 2 
10 17 16 13 11 4 2 3 7 9 19 12 14 18 1 5 8 20 6 15 
1 2 4 3 
2 5 41 1 29 34 33 10 18 17 38 42 31 7 36 25 35 11 15 6 16 3 32 40 8 28 39 27 23 24 19 4 21 12 37 26 30 20 22 9 14 13 
13 20 26 14 32 23 9 16 2 24 33 40 19 25 7 4 30 3 27 42 15 28 36 35 5 29 10 37 21 34 18 39 8 6 41 1 31 22 12 38 11 17 
23 32 20 29 22 24 7 14 30 34 25 4 6 18 17 11 15 19 33 12 3 5 21 10 28 1 8 36 26 16 9 35 31 27 13 2 
5 3 15 11 10 16 2 9 17 8 14 13 12 1 6 18 7 4 
4 3 1 2 
5 4 2 14 13 1 8 9 7 6 3 11 15 12 10 16 
7 39 12 24 37 9 44 38 43 47 15 36 26 28 34 10 16 5 45 25 17 8 46 11 32 13 40 41 48 20 18 23 29 30 35 21 31 22 1 2 27 3 4 42 6 33 19 14 
3 46 42 31 37 34 19 21 28 13 14 47 7 15 40 17 2 27 36 9 39 38 45 22 5 6 16 8 10 25 43 12 11 18 29 4 24 23 35 44 33 1 20 48 26 41 32 30 
1 3 8 11 10 2 5 6 9 7 4 12 
16 3 27 30 15 32 38 21 24 31 36 17 7 28 37 1 22 5 8 14 19 2 29 35 20 26 23 13 34 11 25 9 12 18 33 6 4 10 
3 11 4 12 1 7 9 2 6 10 5 8 
28 13 4 44 21 29 33 24 36 20 46 8 9 27 32 50 41 34 5 18 35 14 16 26 40 17 30 25 23 7 43 45 49 11 3 37 10 31 47 1 12 2 15 38 22 6 42 48 39 19 
2 25 4 13 5 26 11 22 9 23 15 6 24 3 28 1 12 21 16 17 18 7 19 27 20 10 8 14 
19 11 12 20 5 14 3 22 13 9 6 7 2 8 16 17 1 10 18 4 15 21 
13 18 1 7 10 12 3 4 15 2 16 14 8 5 17 9 6 11 
33 12 8 14 37 9 34 50 48 49 47 24 42 16 45 44 25 10 31 1 30 46 11 3 7 19 4 28 18 41 2 22 20 13 27 5 35 43 6 17 21 26 32 40 23 29 39 36 38 15 
1 2 46 29 32 42 45 30 20 33 34 6 36 35 40 9 38 5 39 14 41 16 15 13 28 18 43 19 25 7 8 23 22 17 31 4 10 11 12 3 21 37 27 44 26 24 
13 3 16 11 19 1 10 9 18 6 4 20 12 14 7 2 5 15 17 8 
10 4 2 9 5 12 1 11 7 6 3 8 
9 6 10 3 5 7 8 15 2 11 1 4 12 13 14 16 
16 7 2 11 1 6 13 4 8 15 5 3 10 12 9 14 
38 29 45 44 32 24 12 42 10 3 5 17 13 23 26 31 21 27 28 7 6 34 37 25 20 46 39 22 1 9 4 33 35 30 15 41 18 19 43 2 14 40 36 16 8 11 
1 24 4 7 30 35 8 21 9 33 2 37 34 11 29 28 17 23 22 12 38 18 20 19 3 5 32 25 36 15 27 10 13 26 31 14 6 16 
6 12 10 14 9 8 24 15 4 22 1 17 20 5 7 21 11 18 16 3 23 19 13 2 
6 26 16 2 20 22 25 1 9 21 5 18 31 13 12 4 19 11 28 29 3 23 7 14 27 24 32 30 15 8 17 10 
24 2 18 7 22 9 19 1 15 17 11 12 4 3 10 20 16 21 23 5 8 6 14 13 
5 7 1 6 3 4 2 8 
14 3 13 15 4 16 6 10 1 5 7 11 9 12 2 8 
1 21 18 9 4 2 23 17 6 20 8 11 19 14 5 12 22 24 3 16 7 10 13 15 
26 15 40 11 8 38 7 10 14 4 36 12 31 27 44 28 3 21 33 43 1 22 2 18 46 47 35 42 49 50 13 37 24 29 23 45 34 19 17 16 9 20 6 25 39 30 48 41 5 32 
28 34 2 20 25 23 37 31 7 14 3 32 22 35 16 29 30 6 15 11 41 8 9 13 21 12 18 24 40 26 17 1 4 27 36 10 33 38 19 5 42 39 
7 10 14 20 6 22 28 24 16 1 2 19 11 27 9 15 17 5 3 12 21 26 23 18 25 8 13 4 
4 3 1 2 
4 3 1 2 
12 4 2 7 30 22 20 17 11 23 13 34 8 21 25 26 28 15 31 5 14 3 27 32 1 29 9 24 19 18 6 33 10 16 
42 38 29 27 37 1 25 15 41 5 8 4 40 45 24 16 39 22 32 43 31 17 30 2 19 18 26 6 35 34 28 12 13 3 46 23 20 14 44 9 10 7 33 36 21 11 
1 34 26 28 31 10 17 23 4 27 12 2 16 24 22 30 25 21 3 18 11 33 13 8 5 32 14 29 20 19 9 6 15 7 
21 27 24 13 17 40 18 23 25 12 30 28 8 4 20 22 34 1 11 29 10 31 26 6 35 37 7 2 19 3 16 36 32 38 14 33 15 5 39 9 
20 16 1 7 15 10 9 17 18 8 6 2 3 4 11 13 5 12 14 19 
13 3 4 15 7 19 12 17 14 21 23 6 2 16 10 20 8 22 1 5 24 11 9 18 
3 4 5 21 13 23 24 8 6 25 2 22 15 1 14 18 11 26 19 12 7 16 17 10 9 20 
1 26 24 3 17 12 22 19 5 21 14 27 20 16 13 9 4 7 28 25 29 23 10 6 11 18 15 2 8 30 
2 8 9 1 4 5 6 3 7 10 
6 1 3 10 9 2 5 8 7 4 
5 2 3 6 1 4 
1 3 7 6 5 8 4 2 
13 9 23 27 16 5 8 6 31 17 19 2 32 14 28 1 11 15 7 30 24 12 10 22 20 3 26 21 29 18 4 25 
15 16 21 22 8 9 11 6 4 20 23 19 7 14 13 12 3 2 24 10 1 5 17 18 
20 35 26 8 29 4 32 10 23 5 18 39 3 41 34 19 27 36 33 30 16 46 42 1 38 43 40 2 24 12 31 15 25 21 11 9 44 6 14 45 17 13 7 22 37 28 
25 19 16 23 10 17 6 14 8 22 1 5 13 9 2 18 26 15 24 11 20 4 7 21 12 3 
3 6 11 1 7 12 10 8 5 4 2 9 
10 17 13 1 9 2 7 15 18 16 3 11 5 12 4 6 8 14 
15 2 16 9 3 6 14 8 11 4 7 5 13 12 1 10 
21 30 15 24 33 26 12 14 39 13 2 49 29 7 47 40 48 34 32 46 38 3 17 28 43 1 4 20 36 23 44 18 37 10 35 16 8 5 9 31 11 22 41 50 45 25 42 19 27 6 
7 6 15 21 14 1 5 3 19 24 11 12 2 9 22 18 13 16 23 4 10 8 20 17 
8 12 4 2 14 9 3 7 5 10 15 1 6 16 13 11 
1 4 3 2 
14 17 1 4 12 21 20 22 19 13 6 3 15 8 9 24 18 10 7 5 16 11 2 23 
11 8 5 44 26 12 42 9 19 3 23 41 15 37 39 1 18 20 38 13 14 36 33 24 27 16 7 29 10 21 28 17 34 40 22 35 43 25 2 6 4 31 32 30 
30 29 16 7 28 6 31 21 27 9 24 20 8 2 11 32 1 23 17 33 10 19 13 34 4 14 5 18 15 26 12 22 25 3 
27 12 37 33 34 14 46 15 3 7 44 1 29 19 10 45 2 24 40 42 20 39 11 13 38 4 36 23 25 26 31 30 41 6 35 18 22 32 8 16 17 9 28 43 48 21 47 5 
18 12 1 5 24 13 15 14 11 10 17 16 6 23 20 26 19 21 22 4 9 8 2 25 3 7 
34 7 12 6 29 19 28 8 39 5 24 10 18 1 16 22 20 26 43 9 44 40 45 25 21 4 33 31 2 32 37 30 3 23 41 11 38 14 27 42 36 15 13 35 17 46 
22 2 11 15 43 5 26 37 32 41 35 1 20 34 12 7 14 28 13 31 9 42 4 40 44 27 29 25 18 21 16 39 30 24 23 36 6 17 38 3 8 10 19 33 
20 15 23 17 25 26 2 18 13 30 24 28 1 12 6 32 21 5 11 29 19 27 8 4 7 10 16 14 9 31 3 22 
21 34 7 17 22 1 9 42 36 14 35 25 3 23 19 2 29 6 26 39 12 38 11 18 31 16 8 4 40 24 30 15 44 41 43 5 33 27 13 20 32 10 28 37 
10 21 12 24 15 8 7 27 32 29 5 20 3 18 14 23 25 16 9 30 1 11 4 31 17 19 2 6 13 26 22 28 
23 36 19 28 49 16 3 2 13 35 48 43 12 37 22 33 18 10 45 46 41 5 17 30 47 26 44 24 15 29 27 20 7 11 25 14 8 4 9 39 1 38 34 21 6 42 32 31 40 50 
3 4 6 5 1 2 
14 1 8 30 16 21 24 39 2 43 25 5 41 19 42 26 29 7 34 15 12 33 40 36 44 11 35 18 38 32 3 37 23 10 45 27 28 4 6 20 9 22 31 13 46 17 
1 27 35 22 3 29 32 30 8 12 5 17 2 9 34 11 7 28 19 15 25 18 13 20 14 4 26 36 21 16 33 31 23 10 6 24 
4 6 7 5 8 3 1 2 
6 18 15 31 29 8 7 20 9 27 1 2 4 35 14 36 22 11 32 13 23 19 25 28 26 30 3 34 16 5 24 21 33 10 12 17 
35 19 38 17 4 3 10 39 16 12 14 23 5 40 29 13 41 7 20 2 24 31 21 18 34 28 1 8 27 22 32 26 25 36 42 37 9 11 30 6 33 15 
20 27 22 21 31 11 34 26 2 9 8 33 4 23 13 17 24 19 10 32 15 29 3 18 1 7 6 14 5 30 28 25 16 12 
7 10 23 5 6 9 18 13 29 19 1 4 3 2 22 8 24 17 25 20 11 26 30 14 27 16 28 15 12 21 
1 3 4 2 
8 18 13 6 3 1 2 14 15 20 5 4 9 16 22 23 7 21 10 11 17 12 19 24 
6 8 3 1 2 5 7 4 
15 11 40 25 14 21 49 37 35 42 6 32 41 28 22 23 20 38 44 34 30 9 3 29 17 43 33 4 27 31 12 47 24 46 26 10 48 1 2 19 16 50 7 18 45 13 36 5 8 39 
29 22 24 1 11 12 3 4 31 14 10 20 15 21 2 19 18 32 30 25 5 6 13 27 16 28 23 9 8 17 26 7 
4 9 6 2 3 8 11 5 7 12 1 10 
6 3 17 4 12 14 7 11 5 15 16 8 18 10 13 1 2 9 
9 4 18 43 35 26 29 30 48 10 12 22 44 47 31 19 24 39 14 3 32 8 20 36 33 45 5 23 27 46 11 17 15 40 6 13 34 7 41 1 25 2 28 21 42 37 16 38 
32 40 15 24 16 35 6 31 36 8 1 4 14 41 39 11 25 18 27 33 38 42 26 22 13 34 17 5 7 28 19 2 30 9 37 12 10 29 3 20 21 23 
6 45 46 4 33 34 50 25 5 35 48 14 9 22 38 15 2 8 17 27 31 42 18 10 24 49 11 7 43 21 36 23 20 13 12 28 16 29 30 39 26 37 32 41 1 19 3 47 44 40 
1 3 4 5 2 6 
10 9 4 8 1 2 3 6 7 5 
1 7 5 8 9 4 2 3 6 12 14 10 13 11 
9 35 12 25 24 10 30 8 42 2 19 39 28 5 38 20 29 13 37 32 4 26 17 18 3 33 41 6 40 1 14 31 27 16 36 22 34 23 21 11 15 7 
1 28 24 23 17 4 21 18 16 7 20 11 29 22 2 26 31 30 14 6 32 8 27 25 10 9 12 13 5 19 3 15 
11 27 34 1 3 19 32 4 8 12 9 33 28 22 17 24 36 2 14 35 15 5 30 29 6 18 23 7 25 21 26 20 13 31 10 16 
25 16 15 22 24 4 6 10 23 19 5 3 26 12 8 21 11 2 9 13 7 14 17 20 1 18 
5 1 4 3 6 2 
4 8 6 7 3 1 2 5 
22 10 5 2 11 6 4 13 14 1 9 12 19 8 21 15 18 3 20 17 7 16 
1 6 8 9 11 12 5 3 2 7 4 10 
30 1 18 22 7 20 33 29 17 31 10 36 14 6 3 27 34 26 11 42 32 9 40 13 38 21 19 24 35 16 15 43 41 8 5 37 44 25 39 23 12 2 28 4 
20 15 7 5 11 16 17 12 1 6 9 18 19 13 14 8 4 2 3 10 
1 8 9 18 2 19 20 13 21 7 23 3 17 14 10 15 11 6 4 16 22 24 5 12 
10 6 4 23 20 18 33 5 32 29 36 3 35 21 2 41 42 39 30 11 38 37 12 15 13 31 25 8 9 34 16 26 24 14 19 28 40 1 27 17 22 7 
22 17 2 14 18 10 16 1 3 12 5 26 28 20 19 15 11 13 6 8 4 24 25 21 9 23 27 7 
17 23 28 22 18 42 9 16 3 24 20 10 40 36 1 32 14 15 31 37 13 44 25 7 29 35 11 19 33 38 27 26 6 30 21 5 43 34 39 12 2 8 4 41 
12 20 18 23 10 19 3 15 9 22 16 2 17 24 7 11 13 4 14 1 6 21 5 8 
6 1 2 3 4 8 7 5 9 10 11 12 
27 6 11 21 25 29 14 10 17 15 32 30 31 34 33 20 19 3 16 22 4 5 9 13 28 23 12 7 26 2 18 24 1 8 
19 8 21 3 9 4 32 6 15 14 1 7 11 12 5 31 23 2 24 29 17 20 30 26 27 13 22 28 16 18 10 25 
4 3 1 2 
24 10 12 6 1 3 20 7 5 19 21 8 13 11 2 22 15 4 18 9 17 16 23 14 
7 13 1 6 10 2 3 8 4 14 16 5 9 15 11 12 
17 25 19 2 26 8 1 3 12 22 4 6 5 20 7 15 9 14 11 18 24 10 21 13 16 23 
14 3 5 26 1 2 25 7 27 11 9 19 28 22 4 10 17 30 12 6 16 24 20 15 13 29 8 21 18 23 
2 4 1 3 
21 22 15 3 7 18 25 14 16 6 10 19 12 9 26 20 1 8 24 11 23 2 5 4 17 13 
15 20 22 2 5 14 21 9 7 23 8 12 18 4 17 24 11 6 19 13 1 10 3 16 
5 4 7 6 8 1 3 2 
1 4 3 2 
5 20 8 14 17 15 24 13 19 11 12 16 22 1 3 9 21 6 2 23 18 10 4 7 
1 2 3 4 6 5 
11 13 32 39 28 40 19 2 27 24 18 36 34 17 30 4 5 16 20 33 8 29 10 9 41 31 42 22 3 25 26 35 38 1 23 6 15 37 21 7 14 12 
4 2 8 1 7 3 5 6 
17 14 6 20 18 1 8 13 5 4 19 15 7 2 16 10 3 9 12 11 
12 1 2 22 29 15 5 30 18 6 16 13 36 23 3 14 34 21 41 39 4 10 24 32 42 27 19 9 11 7 38 20 17 25 33 37 28 31 35 8 26 40 
48 29 41 21 46 6 8 17 42 7 35 4 31 32 33 45 44 19 20 1 10 28 37 12 24 9 2 43 15 5 11 13 25 23 47 14 38 3 18 26 22 16 39 36 40 34 27 30 
25 3 24 1 12 13 2 10 22 35 19 18 23 33 6 7 15 5 29 34 38 30 8 26 14 36 9 17 28 39 21 27 43 11 31 4 16 40 20 41 44 32 42 37 
12 8 14 2 23 28 32 36 33 4 11 30 3 35 27 25 15 34 5 21 10 20 6 31 22 1 19 18 17 29 24 26 9 16 13 7 
11 14 7 17 2 15 18 10 16 1 4 5 19 6 12 3 13 20 9 8 
43 3 17 48 18 28 40 34 1 30 11 39 14 36 37 49 35 6 27 46 41 20 31 8 10 50 25 21 12 7 9 2 33 47 29 32 22 23 4 26 45 38 19 42 13 15 44 16 24 5 
43 8 39 35 29 24 36 12 7 14 27 21 17 31 32 3 37 28 42 40 2 34 9 19 45 30 26 5 15 13 20 10 18 48 11 38 41 1 22 25 33 23 16 46 47 6 44 4 
18 17 14 12 8 15 11 1 10 13 7 4 5 9 3 6 2 16 
23 1 17 11 8 25 2 4 9 24 5 6 22 13 21 19 18 26 3 10 16 12 28 20 15 27 14 7 
7 27 37 26 32 1 18 2 5 10 24 14 21 35 4 17 13 25 31 11 29 8 6 3 9 36 15 20 16 12 23 33 19 34 22 30 28 38 
8 21 5 14 10 4 1 3 28 22 25 6 11 2 19 27 7 17 12 16 9 23 24 13 26 18 15 20 
12 4 18 15 8 13 2 9 7 17 6 3 11 14 10 1 5 16 
5 12 6 19 27 2 8 17 35 18 22 20 46 36 44 39 23 25 30 45 37 9 15 48 34 26 1 11 31 7 41 16 3 13 21 38 10 4 47 28 14 33 32 40 43 24 29 42 
31 21 9 28 10 5 27 24 18 8 14 26 1 25 6 33 2 17 4 32 20 22 23 34 15 11 12 19 30 16 7 29 3 13 
7 12 1 5 4 11 8 3 2 10 6 9 
3 26 1 18 14 5 28 27 10 22 13 9 4 25 6 23 2 20 15 24 17 7 16 11 8 21 19 12 
38 17 10 16 46 9 36 13 43 22 27 23 28 12 29 33 31 50 25 6 49 11 1 4 41 48 2 21 37 30 35 32 26 18 15 7 47 24 44 20 45 19 42 40 8 14 5 39 3 34 
40 48 8 30 45 1 7 42 18 38 20 36 39 37 27 6 13 41 29 3 5 35 46 17 16 47 21 23 10 31 28 25 12 15 32 22 9 26 33 19 24 11 43 14 4 2 34 44 
15 25 32 1 29 9 19 33 3 36 31 28 26 2 20 7 22 6 4 12 8 13 38 30 11 14 5 35 10 21 17 24 16 23 18 37 27 34 
18 19 21 1 13 25 7 12 4 17 9 8 5 16 23 20 3 11 10 22 15 26 24 14 2 6 
1 15 7 6 9 18 29 30 19 8 17 21 13 14 22 3 25 11 27 16 5 20 28 23 10 24 12 2 26 4 
1 2 9 6 3 10 8 4 7 5 
9 7 15 13 16 1 5 10 6 3 11 2 12 14 4 8 
1 23 30 31 12 36 29 20 24 28 19 16 17 9 11 15 5 32 21 4 33 25 3 35 22 8 2 26 34 14 27 13 10 18 7 6 
15 7 3 23 8 25 47 14 42 35 26 43 12 37 32 31 44 13 19 39 40 20 30 46 27 11 28 33 50 21 22 36 16 24 17 45 5 41 4 29 38 49 34 18 1 10 6 48 2 9 
8 20 5 24 7 38 37 6 9 21 23 34 12 28 41 42 31 1 3 18 30 15 2 17 40 32 22 29 44 33 14 27 4 10 39 35 19 36 16 26 25 13 43 11 
8 1 3 4 6 2 5 7 
21 15 24 8 25 12 14 9 30 26 2 13 23 28 4 3 11 7 18 22 10 16 29 17 27 1 5 19 6 20 
10 4 9 6 12 16 7 5 20 11 19 1 15 17 3 14 13 18 8 2 
6 3 1 2 4 5 7 10 8 9 
11 12 13 9 14 18 3 22 23 28 26 10 2 20 19 16 6 21 5 27 8 1 4 15 24 25 7 17 
16 31 21 37 19 27 2 36 5 17 8 40 32 4 38 3 12 6 22 7 24 11 23 35 29 28 15 30 25 13 39 1 18 9 20 10 34 14 26 33 
33 5 6 25 19 26 24 18 20 1 8 13 14 30 12 15 27 7 10 9 34 28 32 16 23 2 11 21 17 3 22 31 29 4 
15 1 4 10 7 11 9 12 2 3 5 8 13 16 6 14 
7 16 12 11 10 8 6 14 1 9 3 4 15 5 2 13 
9 11 2 26 7 20 1 10 12 22 4 3 21 18 17 25 24 15 16 14 6 19 8 5 23 13 
5 7 6 1 2 11 4 3 21 23 22 17 20 9 14 10 8 15 18 13 24 16 19 12 
1 28 10 30 8 24 11 27 18 19 15 9 7 12 6 25 13 2 16 32 26 17 14 4 20 29 5 22 3 23 31 21 
9 4 8 15 5 14 10 6 3 22 1 7 18 21 11 16 12 20 19 13 2 17 
30 8 15 27 16 11 34 10 29 13 32 25 5 24 31 1 6 17 23 19 20 12 36 33 35 3 14 22 4 26 38 7 2 28 9 37 18 21 
13 12 9 16 31 3 30 23 35 29 34 36 38 1 6 20 10 15 24 39 27 37 40 5 18 26 14 33 25 32 4 17 11 19 21 2 8 28 22 7 
9 6 1 3 2 7 10 8 5 4 
17 13 12 3 35 15 32 26 5 21 43 10 37 34 45 42 11 20 9 31 24 1 14 22 46 25 16 39 18 23 40 38 36 7 2 30 41 44 4 33 27 29 8 28 6 19 
6 3 5 2 8 1 7 9 10 4 
7 10 1 5 11 3 8 2 12 4 9 6 
19 6 24 4 2 23 1 7 22 15 18 26 9 21 20 11 3 10 12 5 13 14 28 16 27 25 8 17 
17 10 8 16 15 21 6 3 7 1 4 11 18 9 12 13 22 5 23 2 20 19 24 14 
1 20 4 29 27 17 11 31 8 3 13 7 22 24 10 30 26 32 25 16 6 15 2 23 12 28 21 18 5 9 14 19 33 34 
18 12 19 14 16 11 10 13 1 6 3 17 7 4 9 2 15 20 8 5 
12 40 29 30 5 26 14 37 27 35 6 24 38 20 8 23 13 32 34 28 17 36 2 33 25 10 15 1 4 11 3 7 18 16 22 19 21 39 9 31 
37 7 25 5 24 2 21 10 12 14 19 32 35 28 1 27 9 15 3 4 33 26 29 11 16 30 38 23 13 22 36 6 20 8 34 17 31 18 
35 31 42 24 30 6 41 32 33 37 7 4 21 28 19 2 36 5 43 22 26 27 15 10 29 39 18 38 14 12 13 20 8 44 40 25 11 16 23 3 34 17 1 9 
16 18 17 12 21 11 29 22 28 9 8 6 10 7 3 26 32 23 25 24 30 27 20 31 4 13 2 19 1 14 15 5 
23 21 31 17 29 16 20 8 22 7 30 9 6 4 11 2 12 27 26 1 3 28 32 33 18 10 5 15 13 25 19 24 14 34 
13 6 9 3 8 11 12 7 1 4 14 2 10 5 
2 4 5 8 1 7 10 9 3 6 
4 10 9 1 7 5 3 8 6 2 
11 18 13 3 4 17 9 16 19 1 12 5 8 14 2 10 15 20 7 6 
19 6 18 8 20 3 12 11 7 16 5 21 1 4 9 23 14 2 10 13 22 15 24 17 
12 1 5 6 8 16 19 10 18 3 20 14 15 7 17 11 4 2 13 9 
5 7 11 3 19 12 18 15 6 10 23 20 4 13 1 8 17 24 21 14 9 22 16 2 
3 4 18 12 6 5 14 7 15 9 16 11 2 20 1 17 19 8 13 10 
7 13 25 26 34 24 35 9 19 36 15 29 8 20 2 31 33 17 5 11 12 32 27 39 1 14 16 4 28 40 30 21 18 10 6 3 38 37 22 23 
31 26 27 40 16 42 14 18 10 2 13 41 25 35 9 38 12 49 5 32 30 22 7 11 48 36 4 29 37 44 23 45 20 21 8 24 17 19 6 3 28 15 39 46 1 34 47 50 43 33 
3 11 13 14 7 4 17 2 6 8 9 12 1 5 18 15 16 10 
16 5 21 29 3 33 4 8 34 20 15 12 2 19 30 22 27 11 32 1 9 7 25 18 17 24 10 26 13 23 14 31 28 6 
7 3 5 1 4 6 8 2 
10 15 27 21 4 8 26 29 20 5 13 16 14 1 12 6 3 18 36 24 22 31 25 7 11 17 35 2 28 34 33 32 19 30 9 23 
20 37 15 36 9 1 8 39 27 24 40 10 18 16 41 33 5 30 19 2 35 12 14 32 26 31 29 28 42 13 6 11 21 23 34 17 25 3 4 7 22 38 
1 2 6 7 5 8 3 4 
11 20 9 24 8 12 23 1 5 26 22 13 25 2 14 19 3 10 4 21 16 7 17 6 15 18 
45 7 9 16 35 22 12 43 41 37 27 2 19 29 20 15 1 6 21 25 38 10 8 31 4 40 33 36 48 5 28 13 3 34 18 14 23 24 26 47 32 17 44 11 42 30 39 46 
3 8 1 6 9 7 4 10 5 2 
3 4 1 2 
3 12 15 8 10 16 7 18 5 17 2 14 4 9 13 11 1 6 
9 2 35 23 1 5 40 32 31 4 16 37 21 33 36 20 29 6 28 8 38 14 25 17 3 12 11 34 39 7 27 22 19 13 18 24 15 26 10 30 
50 8 38 7 35 44 36 1 22 19 37 27 30 17 46 34 24 32 9 2 40 49 39 26 31 47 11 21 4 20 41 6 45 33 16 18 28 25 3 48 14 10 29 23 42 13 12 5 15 43 
8 1 7 6 2 3 5 4 
19 13 3 8 23 2 16 30 11 31 24 27 15 6 26 34 22 32 20 18 17 4 21 29 12 10 1 9 33 14 25 7 28 5 
19 17 2 18 9 24 4 8 14 6 10 23 13 5 12 22 11 1 7 21 15 3 20 16 
4 33 34 15 30 7 20 35 21 6 22 16 2 26 27 36 1 5 32 18 25 24 19 23 28 3 17 12 9 37 31 11 38 14 10 8 29 13 
1 44 42 39 37 3 8 5 34 17 26 31 6 27 23 22 28 32 16 41 33 40 21 4 19 24 25 2 36 30 38 11 9 18 35 43 13 7 20 12 15 10 14 29 
10 21 22 15 7 13 6 17 11 14 1 8 3 18 4 20 19 5 12 2 9 16 
13 16 14 10 1 4 7 18 3 11 5 19 17 20 8 15 2 9 12 6 
5 2 3 6 1 4 
6 4 10 3 1 2 7 5 8 9 
10 12 1 4 7 9 14 8 13 6 11 2 3 5 
20 41 21 43 10 3 8 1 6 40 34 42 23 11 9 36 24 33 31 13 37 16 30 29 28 25 22 17 39 19 14 5 26 7 18 38 44 2 35 12 27 4 32 15 
7 13 8 11 16 19 12 2 4 18 17 5 20 1 3 15 9 14 10 6 
9 6 8 10 12 11 1 7 2 5 4 3 
9 6 8 1 5 10 2 7 3 4 
1 13 9 29 32 3 24 15 23 19 21 10 30 11 26 14 5 2 6 25 20 7 18 8 22 31 12 27 4 17 16 28 
17 24 1 9 3 6 25 30 7 15 8 12 14 32 18 5 11 21 10 2 29 19 20 4 23 13 16 31 27 26 28 22 
6 3 5 1 4 2 
23 21 18 17 25 35 33 20 3 7 30 2 42 4 24 45 38 16 28 32 6 15 37 31 5 43 46 10 13 27 40 19 11 41 29 12 14 8 36 9 39 1 22 34 44 26 
21 22 14 3 29 4 16 31 17 8 12 19 13 30 10 1 6 2 27 7 24 23 15 20 32 28 5 25 9 18 26 11 
22 25 43 37 14 8 6 32 9 3 18 2 41 44 34 42 35 28 29 17 27 24 20 21 33 26 5 15 23 36 30 7 4 16 38 1 31 10 19 40 12 39 11 13 
5 9 13 12 7 3 8 4 6 1 2 11 14 10 
9 39 21 22 28 3 35 7 11 13 10 6 36 40 34 23 16 26 33 27 14 38 25 32 12 20 17 5 15 19 37 29 2 24 30 4 31 1 18 8 
23 25 33 15 40 21 18 32 4 28 19 39 22 34 1 12 30 6 16 5 29 35 26 17 14 10 38 8 37 3 31 7 20 9 36 2 27 24 13 11 
4 24 29 27 21 22 23 15 11 12 2 30 16 14 10 31 18 28 6 3 17 25 13 26 9 7 5 8 32 1 19 20 
15 6 35 24 30 23 31 9 4 3 19 27 12 11 2 21 28 33 34 5 25 13 22 32 17 36 7 20 14 26 18 16 8 29 1 10 
12 3 19 29 24 16 21 9 4 32 11 15 6 13 17 30 18 33 27 26 31 8 25 5 10 22 20 14 23 28 34 1 7 2 
20 38 30 5 40 37 31 8 35 12 28 19 15 7 22 10 13 2 32 39 41 29 11 42 3 24 4 43 27 9 25 33 14 34 44 18 17 36 23 21 1 16 6 26 
9 19 12 2 42 32 10 35 44 16 50 38 46 8 45 36 34 15 26 21 33 41 43 23 49 1 30 18 13 14 24 6 40 3 4 11 48 31 20 28 5 37 7 39 17 47 22 25 27 29 
8 13 16 3 21 23 11 18 19 12 25 6 17 22 14 29 26 4 20 27 10 15 2 30 1 24 5 28 9 7 
7 15 46 16 12 41 36 30 5 38 21 19 29 27 23 20 4 35 37 44 22 10 3 6 28 45 9 24 40 32 42 13 18 34 26 2 33 1 25 11 31 14 8 17 39 43 
28 19 35 26 16 41 20 30 17 7 27 9 12 42 15 6 44 40 25 43 38 13 24 1 5 21 4 14 31 8 22 29 46 45 23 36 39 18 33 32 11 34 10 37 3 2 
1 4 3 2 
12 38 28 34 8 44 4 23 29 6 33 32 40 5 31 20 22 1 2 10 21 27 36 37 30 16 7 14 24 17 3 13 25 26 18 15 35 41 43 11 9 42 19 39 
14 43 38 13 41 32 16 27 36 29 20 37 35 9 17 33 24 40 2 49 42 5 47 21 28 48 12 23 26 22 19 4 50 25 18 44 15 7 10 6 45 34 30 3 11 46 39 31 1 8 
11 5 10 12 1 3 8 6 9 7 4 2 
34 26 20 2 29 3 17 10 12 7 30 22 6 5 16 36 35 24 33 32 31 14 25 28 15 19 13 11 4 27 1 21 23 8 9 18 
3 11 14 6 10 4 34 1 5 35 22 27 12 32 29 19 23 18 37 16 38 13 36 15 24 17 2 26 9 7 33 28 21 31 25 30 8 20 
6 26 45 31 11 23 10 3 18 32 30 2 20 46 17 9 16 37 22 25 12 33 19 39 21 40 42 4 36 1 34 13 5 27 43 24 29 7 28 35 14 8 15 44 38 41 
4 3 1 2 
8 5 1 2 4 3 6 7 
7 6 4 8 9 11 14 10 12 5 13 3 1 2 
4 23 24 22 15 10 19 7 8 6 12 17 18 14 21 3 20 1 2 16 9 13 5 11 
19 21 5 24 11 9 3 17 22 10 6 7 16 25 15 13 26 1 12 23 4 18 2 14 8 20 
40 34 18 50 17 5 4 19 8 27 9 49 1 43 41 14 29 3 13 39 37 23 28 16 21 47 7 26 36 48 33 30 22 6 31 24 42 25 38 15 35 45 12 10 11 44 46 32 2 20 
20 9 3 10 16 13 24 26 17 14 18 22 15 8 19 2 7 12 23 4 6 25 5 21 1 11 
33 24 10 38 30 39 23 35 31 9 15 25 20 27 6 16 11 37 42 17 40 22 41 21 28 18 12 32 1 19 36 13 29 3 7 5 34 14 26 2 8 4 
11 17 16 18 3 8 5 4 1 2 13 20 12 21 9 7 10 22 15 6 19 14 
35 26 40 4 38 22 31 36 21 30 24 12 14 16 46 6 25 34 2 42 23 27 19 8 20 28 44 10 3 13 7 45 17 5 32 18 11 29 47 1 15 33 48 41 9 37 39 43 
15 11 16 14 6 9 10 1 3 5 2 8 12 7 13 4 
13 22 9 18 38 27 28 29 15 16 4 25 36 26 1 8 33 11 6 5 35 32 37 2 19 21 12 3 31 30 20 24 17 14 23 10 34 7 
2 12 10 14 1 4 13 6 11 5 16 7 8 15 3 9 
20 11 13 12 17 1 3 14 5 15 6 7 2 18 10 16 19 9 4 8 
3 9 1 6 17 11 19 12 2 20 10 4 13 7 5 14 8 18 16 15 
32 17 33 28 15 23 4 37 25 14 11 12 35 38 2 16 10 13 3 24 19 31 30 6 20 29 18 34 21 8 9 1 7 36 5 22 27 26 
8 4 2 6 5 1 3 7 
31 25 1 22 9 3 18 6 32 17 28 19 12 27 29 13 33 10 20 16 34 21 36 2 7 14 35 8 26 11 15 5 30 24 4 23 
1 3 4 2 
17 28 7 8 9 35 14 37 21 27 4 23 31 15 25 12 33 6 19 20 36 16 5 30 1 26 2 13 38 22 11 24 10 3 29 18 32 34 
2 42 18 17 10 11 43 29 35 40 38 36 1 14 4 37 7 20 6 8 3 33 25 31 12 41 13 30 44 22 39 45 28 46 23 27 34 26 5 16 15 21 24 32 19 9 
5 8 6 12 1 3 4 9 11 2 7 10 
24 2 10 18 5 16 14 13 33 26 28 19 31 23 1 22 36 4 30 8 34 9 27 21 32 12 20 7 6 15 35 29 25 17 3 11 
1 6 8 15 9 7 14 3 11 12 4 19 16 5 18 20 17 10 2 13 
1 25 22 11 15 8 23 13 12 10 4 29 6 2 28 5 27 17 16 18 24 14 30 7 9 3 19 26 20 21 
7 18 21 22 11 6 23 15 9 24 10 4 20 2 8 13 3 19 1 12 17 14 16 5 
29 10 28 17 14 21 20 4 16 35 24 30 7 25 36 11 22 32 8 12 5 9 15 33 19 34 27 26 13 1 6 3 23 31 2 18 
10 6 2 5 4 8 3 9 1 7 
31 6 21 29 17 15 38 4 20 9 40 30 14 3 16 11 23 37 36 1 35 33 7 24 28 22 8 32 25 2 13 27 10 19 34 26 39 18 5 12 
19 20 4 2 17 9 3 14 18 8 10 7 22 1 21 12 11 13 5 6 16 15 
3 1 2 4 6 5 
1 6 3 5 4 2 
9 11 34 21 10 28 29 12 18 26 33 23 19 14 15 31 6 32 27 1 3 20 30 2 24 13 4 7 25 22 5 8 16 17 
3 1 2 4 
31 43 47 1 14 46 44 37 3 27 7 42 2 21 30 13 36 8 6 10 32 24 19 45 23 34 5 11 9 25 26 33 15 38 41 39 29 4 28 48 18 16 35 20 40 22 12 17 
12 10 8 28 26 21 5 14 20 17 7 4 30 29 15 9 27 25 18 3 19 13 23 22 16 2 11 1 6 24 
13 15 12 1 9 17 18 10 14 2 7 8 4 6 3 11 16 5 
9 5 4 3 8 1 6 10 7 2 
1 7 3 10 2 5 8 4 6 9 
10 12 31 15 21 28 16 18 27 34 7 8 30 33 19 9 36 1 6 17 20 38 5 13 35 26 24 4 3 22 14 2 29 25 37 11 23 32 
1 36 25 29 17 22 37 40 15 32 34 33 4 35 20 5 9 38 18 19 14 39 16 31 3 21 7 6 13 10 23 8 12 2 30 11 26 24 27 28 
20 44 21 33 16 9 34 11 1 2 7 15 18 38 42 12 37 24 32 28 39 45 13 29 23 30 25 43 6 4 17 26 40 31 41 3 10 35 27 19 36 14 22 8 5 48 47 46 
2 42 29 25 20 14 23 39 40 28 17 32 11 15 35 7 27 41 4 6 16 10 33 36 8 3 9 19 34 31 18 26 38 12 21 1 13 22 30 24 5 37 
16 10 7 8 26 11 40 23 25 32 29 24 22 4 27 13 30 39 15 33 21 5 37 12 35 17 19 28 6 14 34 31 9 38 1 2 18 36 3 20 
7 40 3 16 26 4 43 32 23 24 12 27 8 6 20 29 13 11 18 41 9 35 47 2 45 31 28 36 39 44 15 21 22 5 37 19 10 33 25 17 30 14 34 46 1 42 48 38 
2 4 1 3 
17 27 7 25 28 3 13 8 26 1 2 24 20 15 9 18 22 4 12 23 21 14 10 5 16 11 19 6 
15 10 34 21 28 4 13 6 19 16 7 32 2 25 12 9 3 11 27 33 29 22 14 23 5 30 24 26 17 20 1 8 18 31 
7 42 6 2 25 26 30 21 43 39 29 9 31 41 18 32 13 35 23 8 27 34 24 1 5 28 3 12 36 20 37 15 33 11 22 38 19 40 10 14 44 17 4 16 
31 23 3 20 14 18 24 2 13 7 5 11 19 10 27 15 12 32 34 26 21 28 1 22 6 17 25 16 8 30 4 33 9 29 
17 14 11 20 6 19 32 1 10 24 15 16 18 23 8 25 12 22 27 4 7 26 21 28 13 31 30 9 5 29 3 2 
12 22 18 4 7 14 19 1 5 3 9 21 20 6 8 10 15 11 16 13 2 17 
5 4 1 3 8 6 7 10 9 2 
10 26 43 45 18 41 29 44 11 7 42 27 9 38 36 37 21 16 1 4 6 35 17 13 32 31 40 30 20 24 23 15 5 14 2 22 25 3 8 39 34 46 28 12 19 33 
3 1 2 4 
15 42 22 14 28 27 13 44 8 38 1 10 7 3 29 37 35 5 23 9 6 26 20 19 30 17 40 24 34 39 2 11 31 4 12 21 41 33 18 36 16 43 32 25 
3 17 11 13 16 15 9 18 5 10 7 4 2 8 14 12 1 6 
40 35 26 6 20 27 4 13 44 14 7 11 30 8 22 29 43 1 37 25 34 32 17 5 23 41 38 31 10 12 18 39 33 21 3 16 42 36 9 15 19 28 2 24 
1 6 13 21 16 19 7 10 5 4 20 8 18 17 15 3 11 9 12 14 22 2 
11 3 7 1 2 9 10 4 12 6 5 8 
29 20 32 7 13 26 34 30 1 2 12 19 25 3 22 18 24 6 14 33 10 9 23 4 17 11 5 28 21 16 27 8 15 31 
6 5 4 3 1 2 
2 7 30 18 27 29 11 16 42 1 22 40 43 34 44 49 12 33 15 14 32 13 3 23 48 10 31 47 24 35 9 46 38 21 37 6 5 36 17 25 26 39 50 41 20 19 28 4 45 8 
27 1 7 25 5 26 14 6 17 4 13 30 19 21 12 9 22 32 29 16 2 24 3 18 10 11 8 20 15 23 28 31 
8 6 18 16 20 17 27 21 22 9 28 1 25 24 7 26 15 14 5 12 3 19 23 10 11 4 2 13 
17 7 22 44 21 28 45 32 11 5 6 20 38 47 24 4 36 27 33 43 48 23 10 46 12 29 30 13 1 8 3 41 16 37 18 14 34 31 25 39 2 40 42 15 9 26 35 19 
3 5 1 2 7 8 6 4 
33 6 15 25 1 7 34 28 27 32 17 3 40 29 12 38 9 20 23 39 14 2 37 19 11 36 18 10 21 4 26 13 16 31 30 24 35 5 8 22 
9 12 23 16 3 22 21 25 20 18 10 1 4 26 2 13 11 5 15 7 17 14 8 24 6 19 
31 6 23 12 30 7 24 4 27 14 3 19 1 5 26 16 9 25 29 2 18 11 17 15 21 28 10 32 20 22 13 8 
6 39 34 16 2 35 38 8 14 31 29 19 15 13 33 11 40 17 5 27 7 4 25 23 30 18 20 12 36 28 37 1 24 22 9 10 32 26 21 3 
14 9 17 13 5 20 18 10 3 11 8 1 2 15 7 4 6 19 16 12 
22 23 21 14 24 17 12 8 3 6 26 20 9 13 25 29 2 16 28 5 11 10 27 18 30 4 7 19 1 15 
17 38 48 36 2 27 21 41 34 9 37 49 30 50 1 15 44 13 25 6 11 45 8 5 23 43 24 46 12 40 31 18 26 47 32 16 10 28 3 14 19 22 33 4 29 7 20 42 35 39 
18 9 27 2 15 14 22 6 26 28 12 21 13 34 36 11 3 8 30 24 17 7 19 10 1 4 33 23 35 31 20 25 5 29 16 32 
10 17 23 9 3 25 18 21 33 28 27 19 2 7 5 15 13 26 1 6 8 34 20 22 30 11 24 4 29 31 32 16 12 14 
3 18 10 11 17 15 14 5 9 12 7 16 1 2 6 13 8 4 
16 35 18 7 2 10 23 37 20 8 28 47 40 38 36 24 13 27 46 31 1 22 48 41 29 30 25 34 45 33 19 3 42 6 15 12 32 26 9 4 43 5 14 11 39 17 44 21 
9 38 10 13 28 22 1 20 7 5 31 29 18 32 4 30 2 17 39 40 27 16 23 12 37 14 8 3 26 33 21 36 25 6 15 19 34 24 11 35 
1 9 48 41 14 5 24 11 15 33 12 27 31 25 21 17 44 36 45 8 29 20 40 10 39 26 32 49 47 13 30 7 42 6 35 43 38 22 18 16 3 4 2 46 23 50 37 34 28 19 
15 6 19 24 22 4 16 2 7 20 23 17 9 21 8 1 3 12 13 18 11 14 5 10 
10 14 8 22 12 9 5 4 20 19 17 3 6 21 24 18 26 2 27 13 23 1 7 16 15 11 25 28 
6 12 8 4 16 7 9 17 14 13 5 15 10 18 1 3 2 11 
1 8 5 10 4 9 7 2 3 6 
10 12 8 3 23 33 17 7 32 1 28 30 4 2 16 24 19 29 27 34 31 14 26 20 9 21 18 35 25 15 22 11 5 36 13 6 
4 1 2 6 5 3 
4 5 1 3 6 2 
5 4 3 6 1 2 
3 13 20 28 22 18 14 21 12 24 26 11 30 27 9 23 2 4 16 8 25 1 15 5 32 31 19 7 10 6 29 17 
9 5 11 20 3 19 13 1 10 15 4 18 8 7 21 22 6 14 17 2 12 16 
5 4 6 1 3 2 
23 29 4 15 32 22 12 11 8 16 9 24 30 33 26 10 25 34 3 6 18 1 14 21 17 28 5 2 20 27 31 7 19 13 
9 20 8 5 11 3 16 14 1 6 19 10 2 7 18 12 13 4 15 17 
17 4 32 15 35 27 29 13 23 30 18 11 44 16 37 1 28 43 42 41 8 6 21 31 20 39 5 22 14 33 19 9 36 25 2 3 10 7 24 40 34 26 12 38 
14 3 22 27 10 7 9 11 21 5 20 12 15 18 1 17 25 19 8 2 24 23 6 26 16 28 4 13 
11 14 2 8 4 22 3 20 21 9 13 17 10 18 1 6 5 19 12 16 7 15 
28 7 19 14 21 25 9 11 15 4 3 20 12 10 5 22 2 8 23 13 24 1 16 26 18 29 6 17 27 30 
4 16 10 6 8 15 14 13 9 7 12 3 1 2 11 5 
13 32 18 22 33 15 8 31 10 34 28 23 9 16 24 30 25 14 27 19 21 20 12 26 29 4 1 3 2 5 11 7 17 6 
15 30 10 24 25 29 11 3 35 27 32 31 6 22 1 8 16 14 26 39 23 28 19 9 34 4 41 38 21 37 5 12 13 20 2 36 40 17 7 18 33 42 
2 14 6 9 1 5 7 16 15 8 3 13 11 4 10 12 
2 15 17 4 14 18 7 9 8 1 3 12 10 22 19 20 16 21 13 6 24 5 11 23 
5 29 1 25 37 10 20 30 26 36 13 35 11 23 18 32 31 14 34 2 3 17 24 19 38 7 8 33 16 4 15 28 6 27 12 9 22 21 
4 1 2 5 3 6 
1 3 4 2 
7 26 46 10 21 8 43 23 17 44 6 42 32 34 35 18 36 22 20 50 30 4 40 15 13 45 33 38 1 12 5 25 3 29 9 48 2 49 27 16 14 39 37 28 24 11 19 47 41 31 
13 5 8 27 28 16 6 17 14 24 1 22 7 11 2 18 10 9 4 25 12 3 21 26 19 15 20 23 
2 5 8 3 7 1 4 6 
1 4 3 2 
19 12 5 16 1 2 18 20 8 11 7 6 17 9 13 10 14 4 15 3 
1 15 11 13 9 6 8 10 12 3 2 16 14 4 5 7 
4 6 2 5 1 3 
2 11 36 37 4 40 23 35 39 21 16 42 24 12 33 30 18 25 10 17 7 14 8 34 32 43 5 41 45 22 46 9 3 6 19 29 44 27 20 38 28 15 1 13 31 26 
5 13 7 6 11 1 8 12 4 2 9 10 14 3 
21 2 3 23 16 19 20 22 9 18 5 10 24 14 13 17 12 1 11 8 6 7 15 4 
24 3 17 2 13 1 11 19 26 18 8 10 14 9 15 21 7 23 25 12 6 4 22 5 20 16 
12 20 16 8 13 1 2 14 5 19 4 18 10 6 15 17 11 3 9 7 
29 24 26 31 16 12 30 28 22 40 3 25 39 11 14 27 18 5 36 17 33 19 7 38 37 13 15 34 4 35 32 2 8 21 6 10 23 1 9 20 
33 5 28 41 24 25 4 11 8 3 26 9 18 7 38 29 21 14 20 37 15 16 36 40 1 6 39 27 22 13 31 35 12 10 30 34 19 17 32 2 23 42 
9 2 14 1 10 11 12 5 3 13 4 6 7 8 
10 1 8 15 12 14 4 6 11 9 13 3 5 7 16 2 
3 1 2 4 
6 2 12 7 8 17 20 11 21 24 15 3 13 10 9 16 1 5 4 23 18 14 19 22 
24 1 20 9 31 18 30 8 17 4 32 21 3 14 16 6 28 12 2 11 26 7 5 29 13 19 15 27 25 23 10 22 
45 26 20 40 18 12 9 13 19 38 33 46 47 2 4 37 6 3 10 39 1 35 36 43 34 49 32 21 17 44 48 14 11 15 7 27 16 28 8 23 41 50 31 30 24 42 25 22 5 29 
15 21 29 6 25 34 12 20 33 7 11 13 23 22 2 27 8 19 5 3 14 26 31 32 17 18 16 9 24 1 10 30 4 28 
1 14 7 18 20 19 15 8 25 12 3 11 16 23 9 2 5 10 24 21 4 6 17 26 13 22 
4 29 27 8 38 36 19 33 10 31 34 1 6 30 18 25 2 21 28 26 23 3 7 13 32 16 15 5 37 9 14 22 24 20 12 17 11 35 
1 5 7 3 4 8 6 2 
38 2 13 39 15 14 36 18 6 7 22 11 9 33 24 19 29 4 37 1 16 31 34 41 20 26 8 17 21 28 40 5 27 23 3 42 30 25 32 12 10 35 
13 14 19 28 32 8 26 6 24 18 23 11 15 7 17 5 29 30 4 21 2 9 3 31 25 12 27 20 1 10 16 22 
1 27 9 25 24 33 14 22 12 19 26 4 16 11 34 21 5 2 32 20 3 8 18 30 31 10 15 7 13 17 6 23 29 28 
49 39 28 22 43 31 24 50 26 41 15 6 4 40 19 36 38 34 14 47 20 42 1 9 27 17 13 5 48 11 23 30 46 8 2 37 35 29 7 12 44 18 3 21 10 25 45 16 33 32 
20 9 18 22 24 11 3 7 17 12 15 13 16 2 10 4 8 1 6 19 5 23 14 21 
32 6 27 1 9 24 28 29 22 8 7 3 11 15 16 19 30 25 20 10 18 14 26 17 13 2 21 12 5 31 4 23 
8 1 6 7 2 3 4 5 
15 12 40 14 31 37 4 13 34 18 7 11 19 39 9 28 43 1 21 20 2 26 17 32 35 24 16 27 41 33 30 10 23 44 5 3 25 42 6 29 22 38 36 8 
15 26 9 27 16 31 35 8 4 12 20 38 29 13 33 1 24 32 17 2 7 3 40 11 39 18 10 34 14 22 30 6 36 37 23 25 19 21 28 5 
34 9 17 22 8 39 7 24 23 40 37 15 35 3 19 18 25 33 27 29 32 26 28 16 12 1 6 10 14 30 4 11 13 5 31 2 20 38 36 21 
3 9 18 5 15 14 10 12 1 6 13 16 8 2 7 4 11 17 
8 11 19 5 7 18 13 12 3 14 4 20 17 6 10 15 16 9 1 2 
5 10 1 6 2 8 9 3 7 4 
18 19 11 12 21 17 8 1 2 20 10 13 7 14 16 15 5 6 23 4 22 24 3 9 
9 8 3 11 7 5 10 2 6 12 1 4 
14 4 13 8 5 10 11 2 3 9 15 16 1 6 7 12 
15 9 16 5 26 28 25 12 6 29 10 21 30 11 27 24 23 2 31 13 7 19 1 4 8 3 20 32 22 14 17 18 
11 34 22 9 23 13 27 35 2 5 29 37 28 21 4 25 38 6 12 17 15 3 32 33 40 10 36 19 20 8 26 30 39 1 16 24 7 31 18 14 
15 9 30 36 22 20 6 26 10 35 12 25 33 11 18 14 27 3 29 1 28 19 17 23 32 8 7 5 34 2 13 4 21 16 24 31 
4 20 14 12 19 17 8 31 16 11 18 1 6 10 13 5 27 30 25 3 28 26 32 23 24 33 15 22 21 29 2 34 7 9 
10 14 1 12 9 27 18 22 6 16 17 23 8 26 7 13 15 5 3 4 24 28 11 19 25 2 21 20 
28 10 2 25 21 27 1 11 19 9 6 14 7 15 20 23 18 24 13 22 8 26 16 12 5 17 3 4 
8 4 19 20 17 15 3 6 10 11 18 5 16 22 14 1 7 13 12 9 2 21 
14 1 6 13 2 11 7 12 9 16 8 3 4 10 5 15 
3 8 7 2 4 6 1 5 
1 20 2 6 5 19 4 8 18 16 10 3 22 7 21 11 15 9 14 12 17 13 
3 13 12 15 10 5 2 16 1 6 18 17 7 9 4 14 11 8 
1 18 9 10 26 22 21 16 23 25 24 5 14 15 6 4 11 17 12 8 20 7 19 13 3 2 
25 9 27 40 33 28 39 30 14 45 15 32 42 36 31 34 21 10 11 4 24 20 38 19 26 43 2 16 23 44 41 29 12 3 37 5 46 1 35 7 17 6 22 13 8 18 
1 3 2 4 
36 35 2 3 14 6 15 20 8 10 5 12 19 17 22 27 16 13 30 28 9 18 25 34 24 37 39 33 29 41 38 11 32 1 7 4 31 26 23 21 40 42 
8 13 14 11 2 26 17 29 32 5 7 24 28 6 20 3 25 31 1 21 16 30 10 4 23 9 12 27 19 18 22 15 
18 14 22 8 21 23 24 11 15 12 2 20 19 5 10 13 3 17 9 1 7 16 6 4 
11 13 10 8 16 4 2 9 14 1 5 3 15 12 7 6 
35 42 32 20 39 3 26 6 16 25 5 12 7 15 10 19 9 30 37 34 40 18 11 23 21 24 17 14 4 38 1 31 41 29 13 2 22 27 28 33 36 8 
24 3 5 25 19 17 4 20 22 2 14 27 8 26 21 28 1 9 10 12 13 6 18 15 7 11 23 16 
18 1 17 20 19 22 3 21 7 6 15 11 2 5 16 9 10 14 13 12 8 4 
10 6 14 11 2 18 24 21 22 20 1 19 15 13 8 16 17 9 7 3 5 23 12 4 
28 6 4 17 9 8 42 3 41 21 34 15 46 49 24 31 7 35 37 18 2 36 33 27 12 44 26 32 39 13 50 25 16 38 20 48 30 29 23 40 45 1 43 5 19 22 14 10 11 47 
20 28 12 11 31 13 21 5 38 18 14 32 4 22 25 1 24 34 35 26 16 15 19 30 10 36 2 40 3 9 7 8 33 37 23 39 17 27 6 29 
8 19 4 10 1 3 11 15 25 14 28 6 22 26 27 9 12 30 13 20 21 2 18 7 23 5 16 24 17 29 
1 26 38 41 29 11 28 25 23 6 21 37 20 16 3 24 35 8 15 12 7 39 42 40 27 4 2 32 5 10 22 13 33 31 14 17 9 18 34 19 30 36 
1 7 22 36 39 8 45 29 3 17 11 5 23 2 46 31 20 44 12 37 35 16 32 34 21 9 18 26 41 40 13 19 4 38 33 10 24 43 6 27 14 30 28 42 25 15 
22 20 10 1 8 2 23 18 24 16 19 14 6 4 21 9 12 3 5 15 11 17 13 7 
1 16 13 17 12 20 11 9 21 5 24 10 19 2 23 6 14 26 7 15 4 18 22 25 3 8 
11 6 14 18 9 4 17 12 2 19 8 15 22 23 1 21 3 24 5 16 7 13 10 20 
4 9 28 7 11 22 43 18 40 39 34 48 14 27 6 38 12 21 46 23 3 30 44 1 19 37 8 33 41 20 29 16 36 24 15 47 31 26 32 42 10 17 13 35 2 25 5 45 
1 4 12 20 13 22 16 17 11 18 2 21 19 6 9 10 3 8 5 15 7 14 
26 11 1 2 6 4 23 40 14 37 32 22 7 24 35 29 25 21 39 19 36 30 5 15 12 27 20 34 38 33 3 41 31 13 9 42 28 10 16 8 18 17 
9 16 11 3 15 4 14 6 8 13 1 12 2 7 10 5 
1 4 3 2 
12 4 17 27 9 8 24 3 28 5 31 14 21 10 30 36 16 7 35 22 20 23 15 11 25 33 2 13 6 18 34 26 1 19 32 29 
4 2 5 1 3 6 
9 4 19 26 23 7 15 1 6 25 10 11 22 5 3 21 14 13 12 18 2 20 8 17 16 24 
24 32 39 21 17 11 13 29 3 26 12 34 28 20 15 8 2 35 40 10 31 4 14 25 23 30 18 9 38 37 36 1 16 33 6 19 22 27 7 5 
1 3 8 4 7 6 2 5 
19 17 1 15 5 20 22 3 12 9 13 4 14 2 11 8 6 18 10 7 21 16 
3 8 1 7 6 9 10 2 12 11 4 5 
1 2 4 5 3 6 
1 10 7 15 4 5 9 3 14 2 8 13 16 12 11 6 
31 14 17 42 1 34 10 32 4 12 21 24 41 27 25 33 15 39 11 6 35 37 5 43 40 36 26 38 9 19 2 29 30 18 44 22 28 8 13 3 7 20 16 23 
27 13 8 11 7 25 12 19 17 18 6 15 31 21 1 2 28 4 34 29 23 5 32 33 9 30 26 22 20 14 24 3 16 10 
23 6 5 27 3 13 2 8 11 22 14 12 24 28 4 18 9 26 10 20 21 7 15 16 25 19 1 17 
1 41 16 45 7 19 40 36 25 15 12 9 44 14 39 38 26 37 20 5 43 2 17 28 4 24 21 22 46 23 27 13 32 6 33 31 34 30 29 8 35 42 10 11 3 18 
9 34 30 17 7 38 4 19 16 32 6 2 36 20 15 13 18 10 26 5 3 31 8 40 28 33 12 14 24 11 25 23 22 21 29 35 1 27 37 39 
4 5 1 2 6 3 7 8 
8 5 3 6 7 4 1 2 
16 12 13 9 28 24 4 19 25 1 8 22 3 18 20 14 10 27 5 17 11 15 23 26 2 6 21 7 
4 1 3 2 
35 11 8 29 6 25 15 4 18 33 5 21 34 28 23 1 16 24 17 2 30 27 12 22 3 7 20 32 9 14 19 26 31 36 13 10 
7 25 17 31 24 26 18 9 33 3 35 8 14 22 32 10 11 2 36 15 23 1 5 20 30 34 16 21 6 28 12 4 27 19 29 13 
11 7 36 37 17 6 42 20 35 13 18 31 2 16 38 12 8 14 30 25 26 23 3 33 29 24 21 34 9 41 40 28 32 19 39 1 15 10 27 5 4 22 
11 30 35 26 22 38 25 19 16 17 24 27 13 10 7 28 12 48 6 45 42 18 43 21 9 44 41 32 39 2 36 4 37 15 29 31 8 40 5 14 1 3 23 46 47 34 33 20 
9 6 14 7 13 11 1 8 12 10 3 5 4 2 
7 3 1 2 8 5 6 4 
13 10 16 2 12 8 11 5 3 21 6 23 7 24 1 9 22 14 20 19 18 15 4 17 
4 13 5 6 11 12 8 1 2 15 9 16 7 14 10 3 
3 1 2 4 
6 2 8 3 5 7 1 4 
12 17 22 7 2 4 11 6 9 18 16 14 5 21 8 10 15 19 20 1 3 13 
13 37 34 4 25 10 5 38 26 6 3 27 12 35 24 18 14 19 36 9 11 16 23 2 33 1 32 17 21 7 30 22 20 8 29 15 28 31 
20 29 36 13 15 2 44 27 26 21 43 25 30 42 12 32 46 41 47 45 5 9 28 40 1 39 34 10 4 18 37 24 17 16 14 33 11 35 48 31 19 7 38 6 3 8 22 23 
7 6 1 2 4 8 3 5 
14 5 12 3 16 10 22 1 20 21 15 18 8 17 19 9 2 4 13 11 7 6 
1 3 4 2 
19 31 30 24 14 21 16 3 11 4 32 7 10 23 26 12 18 8 17 28 13 25 20 9 15 2 27 1 22 29 5 6 
8 1 7 2 3 5 4 6 
7 2 9 4 3 10 8 1 5 6 
11 2 10 7 12 14 3 8 4 9 6 1 5 13 
24 11 10 26 2 22 3 13 20 27 5 6 36 31 12 19 33 23 32 16 9 38 29 4 21 28 14 17 35 37 15 8 7 18 34 1 30 25 
2 8 3 6 10 9 1 7 5 4 
10 23 24 4 32 1 17 26 30 7 14 19 27 18 2 22 15 28 3 20 9 29 13 12 25 16 21 6 31 5 8 11 
21 1 4 26 24 9 12 11 13 8 6 20 25 27 28 17 3 7 18 2 19 5 23 16 15 22 10 14 
4 3 1 2 
1 4 3 2 
19 18 15 12 8 5 6 14 2 22 17 21 7 24 13 1 11 10 16 23 4 3 20 9 
8 26 24 14 4 16 18 11 17 7 20 28 6 3 23 29 19 5 21 12 27 15 10 2 30 22 25 1 13 9 
10 8 5 2 14 7 12 15 11 4 13 3 16 1 6 9 
3 44 35 23 37 12 36 19 18 17 4 20 5 24 7 14 2 27 13 15 29 6 31 43 1 25 28 32 40 26 30 41 21 33 9 10 22 45 39 46 16 34 38 42 11 8 
16 28 12 5 9 19 3 22 26 23 7 15 27 13 2 10 11 29 25 30 1 21 8 17 14 4 18 20 6 24 
8 3 6 2 5 1 4 7 
